
Oct 05, 2023 20:48:33.78 NEW SESSION
Oct 05, 2023 20:48:33.78 INFO: Created TensorFlow Lite XNNPACK delegate for CPU.

Oct 05, 2023 21:19:37.27 NEW SESSION
Oct 05, 2023 21:19:37.27 INFO: Created TensorFlow Lite XNNPACK delegate for CPU.
Oct 05, 2023 21:19:58.13 [8980:14260:1005/211958.133:ERROR:connection_factory_impl.cc(471)] ConnectionHandler failed with net error: -2
Oct 05, 2023 21:49:53.22 [8980:14260:1005/214953.228:ERROR:connection_factory_impl.cc(471)] ConnectionHandler failed with net error: -2
Oct 05, 2023 21:49:54.87 [8980:14260:1005/214954.870:ERROR:connection_factory_impl.cc(428)] Failed to connect to MCS endpoint with error -106
Oct 05, 2023 21:49:54.87 [8980:16752:1005/214954.874:ERROR:get_updates_processor.cc(261)] PostClientToServerMessage() failed during GetUpdates with error 2
Oct 05, 2023 21:49:55.37 [8980:14260:1005/214955.376:ERROR:connection_factory_impl.cc(428)] Failed to connect to MCS endpoint with error -106
Oct 05, 2023 21:50:37.84 [8980:14260:1005/215037.846:ERROR:connection_factory_impl.cc(428)] Failed to connect to MCS endpoint with error -106
Oct 05, 2023 21:51:09.88 [8980:2732:1005/215109.880:ERROR:get_updates_processor.cc(261)] PostClientToServerMessage() failed during GetUpdates with error 2
Oct 05, 2023 21:52:36.34 [8980:14260:1005/215236.344:ERROR:connection_factory_impl.cc(428)] Failed to connect to MCS endpoint with error -106
Oct 05, 2023 21:53:02.39 [8980:2732:1005/215302.396:ERROR:get_updates_processor.cc(261)] PostClientToServerMessage() failed during GetUpdates with error 2
Oct 05, 2023 21:55:29.53 [8980:14260:1005/215529.538:ERROR:connection_factory_impl.cc(428)] Failed to connect to MCS endpoint with error -106
Oct 05, 2023 21:55:51.16 [8980:2732:1005/215551.159:ERROR:get_updates_processor.cc(261)] PostClientToServerMessage() failed during GetUpdates with error 2

Oct 06, 2023 09:49:39.05 NEW SESSION
Oct 06, 2023 09:49:39.05 INFO: Created TensorFlow Lite XNNPACK delegate for CPU.
Oct 06, 2023 12:20:51.47 [10152:6364:1006/122051.477:ERROR:connection_factory_impl.cc(471)] ConnectionHandler failed with net error: -2
Oct 06, 2023 12:21:13.15 [10152:6364:1006/122113.153:ERROR:connection_factory_impl.cc(428)] Failed to connect to MCS endpoint with error -105
Oct 06, 2023 12:21:58.83 [10152:6364:1006/122158.838:ERROR:connection_factory_impl.cc(428)] Failed to connect to MCS endpoint with error -106
Oct 06, 2023 12:23:12.59 [10152:6364:1006/122312.592:ERROR:connection_factory_impl.cc(428)] Failed to connect to MCS endpoint with error -118

Oct 06, 2023 15:11:26.85 NEW SESSION
Oct 06, 2023 15:11:26.85 INFO: Created TensorFlow Lite XNNPACK delegate for CPU.
Oct 06, 2023 15:11:47.11 [17884:13956:1006/151147.118:ERROR:connection_factory_impl.cc(428)] Failed to connect to MCS endpoint with error -118
Oct 06, 2023 17:27:42.44 INFO: Created TensorFlow Lite XNNPACK delegate for CPU.
Oct 06, 2023 17:29:15.34 INFO: Created TensorFlow Lite XNNPACK delegate for CPU.
Oct 06, 2023 17:29:36.29 [3276:11412:1006/172936.294:ERROR:connection_factory_impl.cc(428)] Failed to connect to MCS endpoint with error -118
Oct 06, 2023 17:36:40.48 [3276:11412:1006/173640.489:ERROR:connection_factory_impl.cc(428)] Failed to connect to MCS endpoint with error -106
Oct 06, 2023 17:37:13.91 [3276:11412:1006/173713.914:ERROR:connection_factory_impl.cc(428)] Failed to connect to MCS endpoint with error -105
Oct 06, 2023 17:37:26.75 [3276:11412:1006/173726.755:ERROR:connection_factory_impl.cc(428)] Failed to connect to MCS endpoint with error -105
Oct 06, 2023 17:37:28.33 [3276:3468:1006/173728.330:ERROR:device_event_log_impl.cc(225)] [17:37:28.336] USB: usb_service_win.cc:104 SetupDiGetDeviceProperty({{A45C254E-DF1C-4EFD-8020-67D146A850E0}, 6}) failed: Element not found. (0x490)
Oct 06, 2023 17:37:29.17 [3276:11412:1006/173729.178:ERROR:connection_factory_impl.cc(428)] Failed to connect to MCS endpoint with error -106
Oct 06, 2023 17:37:34.55 [3276:11412:1006/173734.559:ERROR:connection_factory_impl.cc(428)] Failed to connect to MCS endpoint with error -105
Oct 06, 2023 17:37:39.42 [3276:11412:1006/173739.424:ERROR:connection_factory_impl.cc(428)] Failed to connect to MCS endpoint with error -106
Oct 06, 2023 17:58:02.09 [3276:11412:1006/175802.097:ERROR:connection_factory_impl.cc(428)] Failed to connect to MCS endpoint with error -106
Oct 06, 2023 18:01:33.30 INFO: Created TensorFlow Lite XNNPACK delegate for CPU.

Oct 08, 2023 15:15:18.75 NEW SESSION
Oct 08, 2023 15:15:18.75 INFO: Created TensorFlow Lite XNNPACK delegate for CPU.
Oct 08, 2023 15:27:34.52 [7744:6856:1008/152734.525:ERROR:connection_factory_impl.cc(471)] ConnectionHandler failed with net error: -2
Oct 08, 2023 15:35:52.14 [7744:6856:1008/153552.142:ERROR:connection_factory_impl.cc(428)] Failed to connect to MCS endpoint with error -7
Oct 08, 2023 15:46:19.62 [7744:6856:1008/154619.624:ERROR:connection_factory_impl.cc(471)] ConnectionHandler failed with net error: -2
Oct 08, 2023 15:51:18.79 [7744:6856:1008/155118.791:ERROR:connection_factory_impl.cc(428)] Failed to connect to MCS endpoint with error -7

Oct 08, 2023 16:12:10.82 NEW SESSION
Oct 08, 2023 16:12:10.82 INFO: Created TensorFlow Lite XNNPACK delegate for CPU.
Oct 08, 2023 16:18:12.07 INFO: Created TensorFlow Lite XNNPACK delegate for CPU.
Oct 08, 2023 16:20:43.22 INFO: Created TensorFlow Lite XNNPACK delegate for CPU.

Oct 09, 2023 22:56:59.14 NEW SESSION
Oct 09, 2023 22:56:59.14 INFO: Created TensorFlow Lite XNNPACK delegate for CPU.
Oct 09, 2023 23:01:30.89 INFO: Created TensorFlow Lite XNNPACK delegate for CPU.
Oct 09, 2023 23:20:52.79 INFO: Created TensorFlow Lite XNNPACK delegate for CPU.

Oct 10, 2023 19:23:16.78 NEW SESSION
Oct 10, 2023 19:23:16.78 INFO: Created TensorFlow Lite XNNPACK delegate for CPU.
Oct 10, 2023 19:50:11.72 INFO: Created TensorFlow Lite XNNPACK delegate for CPU.

Oct 11, 2023 10:58:59.26 NEW SESSION
Oct 11, 2023 10:58:59.26 INFO: Created TensorFlow Lite XNNPACK delegate for CPU.
Oct 11, 2023 11:47:28.04 INFO: Created TensorFlow Lite XNNPACK delegate for CPU.
Oct 11, 2023 12:15:01.76 INFO: Created TensorFlow Lite XNNPACK delegate for CPU.

Oct 11, 2023 14:42:07.35 NEW SESSION
Oct 11, 2023 14:42:07.35 INFO: Created TensorFlow Lite XNNPACK delegate for CPU.
Oct 11, 2023 14:50:42.68 [11680:6212:1011/145042.680:ERROR:connection_factory_impl.cc(471)] ConnectionHandler failed with net error: -2
Oct 11, 2023 14:50:55.31 [11680:6212:1011/145055.317:ERROR:connection_factory_impl.cc(428)] Failed to connect to MCS endpoint with error -105
Oct 11, 2023 14:51:24.81 [11680:6212:1011/145124.814:ERROR:connection_factory_impl.cc(428)] Failed to connect to MCS endpoint with error -105
Oct 11, 2023 14:51:48.87 [11680:6212:1011/145148.870:ERROR:connection_factory_impl.cc(428)] Failed to connect to MCS endpoint with error -118

Oct 11, 2023 15:21:22.86 NEW SESSION
Oct 11, 2023 15:21:22.86 INFO: Created TensorFlow Lite XNNPACK delegate for CPU.
Oct 11, 2023 15:25:13.68 [8812:9916:1011/152513.684:ERROR:connection_factory_impl.cc(428)] Failed to connect to MCS endpoint with error -105
Oct 11, 2023 15:25:14.39 [8812:11412:1011/152514.389:ERROR:device_event_log_impl.cc(225)] [15:25:14.390] USB: usb_service_win.cc:104 SetupDiGetDeviceProperty({{A45C254E-DF1C-4EFD-8020-67D146A850E0}, 6}) failed: Element not found. (0x490)
Oct 11, 2023 15:25:15.70 [8812:9916:1011/152515.703:ERROR:connection_factory_impl.cc(428)] Failed to connect to MCS endpoint with error -106
Oct 11, 2023 15:50:51.73 INFO: Created TensorFlow Lite XNNPACK delegate for CPU.
Oct 11, 2023 16:10:51.10 INFO: Created TensorFlow Lite XNNPACK delegate for CPU.
Oct 11, 2023 16:18:23.77 INFO: Created TensorFlow Lite XNNPACK delegate for CPU.
Oct 11, 2023 16:22:23.45 [8492:8436:1011/162223.458:ERROR:connection_factory_impl.cc(428)] Failed to connect to MCS endpoint with error -118
Oct 11, 2023 17:55:54.55 [8492:8436:1011/175554.553:ERROR:connection_factory_impl.cc(428)] Failed to connect to MCS endpoint with error -118

Oct 12, 2023 09:38:25.38 NEW SESSION
Oct 12, 2023 09:38:25.38 INFO: Created TensorFlow Lite XNNPACK delegate for CPU.
Oct 12, 2023 09:38:45.99 [7884:1656:1012/093845.998:ERROR:connection_factory_impl.cc(428)] Failed to connect to MCS endpoint with error -118
